# JRE version: Java(TM) SE Runtime Environment (21.0.10+8) (build 21.0.10+8-LTS-217)
# Java VM: Java HotSpot(TM) 64-Bit Server VM (21.0.10+8-LTS-217, mixed mode, sharing, tiered, compressed oops, compressed class ptrs, g1 gc, windows-amd64)
GC Precious Log:
 CardTable entry size: 512
 Card Set container configuration: InlinePtr #cards 4 size 8 Array Of Cards #cards 64 size 144 Howl #buckets 8 coarsen threshold 14745 Howl Bitmap #cards 2048 size 272 coarsen threshold 1843 Card regions per heap region 1 cards per card region 16384
 CPUs: 12 total, 12 available
 Memory: 16272M
 Large Page Support: Disabled
 NUMA Support: Disabled
 Compressed Oops: Enabled (Zero based)
 Heap Region Size: 8M
 Heap Min Capacity: 8M
 Heap Initial Capacity: 256M
 Heap Max Capacity: 10000M
 Pre-touch: Disabled
 Parallel Workers: 10
 Concurrent Workers: 3
 Concurrent Refinement Workers: 10
 Periodic GC: Disabled
Heap:
 garbage-first heap   total 1859584K, used 820041K [0x000000058f000000, 0x0000000800000000)
  region size 8192K, 2 young (16384K), 2 survivors (16384K)
 Metaspace       used 454415K, committed 460224K, reserved 1507328K
  class space    used 56516K, committed 59520K, reserved 1048576K
GC Heap History (20 events):
Event: 4133.590 GC heap after
{Heap after GC invocations=214 (full 0):
 garbage-first heap   total 1753088K, used 972086K [0x000000058f000000, 0x0000000800000000)
  region size 8192K, 3 young (24576K), 3 survivors (24576K)
 Metaspace       used 439879K, committed 445824K, reserved 1441792K
  class space    used 55279K, committed 58304K, reserved 1048576K
}
Event: 4136.598 GC heap before
{Heap before GC invocations=215 (full 0):
 garbage-first heap   total 1761280K, used 1504566K [0x000000058f000000, 0x0000000800000000)
  region size 8192K, 71 young (581632K), 3 survivors (24576K)
 Metaspace       used 446039K, committed 451840K, reserved 1507328K
  class space    used 55730K, committed 58688K, reserved 1048576K
}
Event: 4136.614 GC heap after
{Heap after GC invocations=216 (full 0):
 garbage-first heap   total 1761280K, used 972691K [0x000000058f000000, 0x0000000800000000)
  region size 8192K, 5 young (40960K), 5 survivors (40960K)
 Metaspace       used 446039K, committed 451840K, reserved 1507328K
  class space    used 55730K, committed 58688K, reserved 1048576K
}
Event: 4138.251 GC heap before
{Heap before GC invocations=216 (full 0):
 garbage-first heap   total 1761280K, used 1144723K [0x000000058f000000, 0x0000000800000000)
  region size 8192K, 28 young (229376K), 5 survivors (40960K)
 Metaspace       used 447103K, committed 452864K, reserved 1507328K
  class space    used 55793K, committed 58752K, reserved 1048576K
}
Event: 4138.270 GC heap after
{Heap after GC invocations=217 (full 0):
 garbage-first heap   total 1761280K, used 1002224K [0x000000058f000000, 0x0000000800000000)
  region size 8192K, 8 young (65536K), 8 survivors (65536K)
 Metaspace       used 447103K, committed 452864K, reserved 1507328K
  class space    used 55793K, committed 58752K, reserved 1048576K
}
Event: 4144.137 GC heap before
{Heap before GC invocations=218 (full 0):
 garbage-first heap   total 1761280K, used 1493744K [0x000000058f000000, 0x0000000800000000)
  region size 8192K, 70 young (573440K), 8 survivors (65536K)
 Metaspace       used 452178K, committed 457984K, reserved 1507328K
  class space    used 56494K, committed 59456K, reserved 1048576K
}
Event: 4144.168 GC heap after
{Heap after GC invocations=219 (full 0):
 garbage-first heap   total 1761280K, used 1032213K [0x000000058f000000, 0x0000000800000000)
  region size 8192K, 8 young (65536K), 8 survivors (65536K)
 Metaspace       used 452178K, committed 457984K, reserved 1507328K
  class space    used 56494K, committed 59456K, reserved 1048576K
}
Event: 4147.661 GC heap before
{Heap before GC invocations=220 (full 0):
 garbage-first heap   total 1859584K, used 1581077K [0x000000058f000000, 0x0000000800000000)
  region size 8192K, 76 young (622592K), 8 survivors (65536K)
 Metaspace       used 453547K, committed 459328K, reserved 1507328K
  class space    used 56544K, committed 59520K, reserved 1048576K
}
Event: 4147.689 GC heap after
{Heap after GC invocations=221 (full 0):
 garbage-first heap   total 1859584K, used 1051116K [0x000000058f000000, 0x0000000800000000)
  region size 8192K, 3 young (24576K), 3 survivors (24576K)
 Metaspace       used 453547K, committed 459328K, reserved 1507328K
  class space    used 56544K, committed 59520K, reserved 1048576K
}
Event: 4150.028 GC heap before
{Heap before GC invocations=221 (full 0):
 garbage-first heap   total 1859584K, used 1296876K [0x000000058f000000, 0x0000000800000000)
  region size 8192K, 34 young (278528K), 3 survivors (24576K)
 Metaspace       used 454056K, committed 459840K, reserved 1507328K
  class space    used 56564K, committed 59520K, reserved 1048576K
}
Event: 4150.039 GC heap after
{Heap after GC invocations=222 (full 0):
 garbage-first heap   total 1859584K, used 1054159K [0x000000058f000000, 0x0000000800000000)
  region size 8192K, 4 young (32768K), 4 survivors (32768K)
 Metaspace       used 454056K, committed 459840K, reserved 1507328K
  class space    used 56564K, committed 59520K, reserved 1048576K
}
Event: 4195.788 GC heap before
{Heap before GC invocations=223 (full 0):
 garbage-first heap   total 1859584K, used 1701327K [0x000000058f000000, 0x0000000800000000)
  region size 8192K, 84 young (688128K), 4 survivors (32768K)
 Metaspace       used 454373K, committed 460160K, reserved 1507328K
  class space    used 56515K, committed 59520K, reserved 1048576K
}
Event: 4198.593 GC heap after
{Heap after GC invocations=224 (full 0):
 garbage-first heap   total 1859584K, used 1077413K [0x000000058f000000, 0x0000000800000000)
  region size 8192K, 7 young (57344K), 7 survivors (57344K)
 Metaspace       used 454373K, committed 460160K, reserved 1507328K
  class space    used 56515K, committed 59520K, reserved 1048576K
}
Event: 4221.673 GC heap before
{Heap before GC invocations=224 (full 0):
 garbage-first heap   total 1859584K, used 1683621K [0x000000058f000000, 0x0000000800000000)
  region size 8192K, 82 young (671744K), 7 survivors (57344K)
 Metaspace       used 454388K, committed 460160K, reserved 1507328K
  class space    used 56515K, committed 59520K, reserved 1048576K
}
Event: 4226.430 GC heap after
{Heap after GC invocations=225 (full 0):
 garbage-first heap   total 1859584K, used 929909K [0x000000058f000000, 0x0000000800000000)
  region size 8192K, 9 young (73728K), 9 survivors (73728K)
 Metaspace       used 454388K, committed 460160K, reserved 1507328K
  class space    used 56515K, committed 59520K, reserved 1048576K
}
Event: 4247.053 GC heap before
{Heap before GC invocations=225 (full 0):
 garbage-first heap   total 1859584K, used 946293K [0x000000058f000000, 0x0000000800000000)
  region size 8192K, 11 young (90112K), 9 survivors (73728K)
 Metaspace       used 454392K, committed 460160K, reserved 1507328K
  class space    used 56515K, committed 59520K, reserved 1048576K
}
Event: 4259.149 GC heap after
{Heap after GC invocations=226 (full 0):
 garbage-first heap   total 1859584K, used 888141K [0x000000058f000000, 0x0000000800000000)
  region size 8192K, 2 young (16384K), 2 survivors (16384K)
 Metaspace       used 454392K, committed 460160K, reserved 1507328K
  class space    used 56515K, committed 59520K, reserved 1048576K
}
Event: 4283.823 GC heap before
{Heap before GC invocations=226 (full 0):
 garbage-first heap   total 1859584K, used 978253K [0x000000058f000000, 0x0000000800000000)
  region size 8192K, 11 young (90112K), 2 survivors (16384K)
 Metaspace       used 454411K, committed 460224K, reserved 1507328K
  class space    used 56516K, committed 59520K, reserved 1048576K
}
Event: 4284.898 GC heap after
{Heap after GC invocations=227 (full 0):
 garbage-first heap   total 1859584K, used 851501K [0x000000058f000000, 0x0000000800000000)
  region size 8192K, 2 young (16384K), 2 survivors (16384K)
 Metaspace       used 454411K, committed 460224K, reserved 1507328K
  class space    used 56516K, committed 59520K, reserved 1048576K
}
Event: 4289.526 GC heap before
{Heap before GC invocations=227 (full 0):
 garbage-first heap   total 1859584K, used 917037K [0x000000058f000000, 0x0000000800000000)
  region size 8192K, 11 young (90112K), 2 survivors (16384K)
 Metaspace       used 454415K, committed 460224K, reserved 1507328K
  class space    used 56516K, committed 59520K, reserved 1048576K
}

