# JRE version: Java(TM) SE Runtime Environment (21.0.10+8) (build 21.0.10+8-LTS-217)
# Java VM: Java HotSpot(TM) 64-Bit Server VM (21.0.10+8-LTS-217, mixed mode, sharing, tiered, compressed oops, compressed class ptrs, g1 gc, windows-amd64)
GC Precious Log:
 CardTable entry size: 512
 Card Set container configuration: InlinePtr #cards 4 size 8 Array Of Cards #cards 64 size 144 Howl #buckets 8 coarsen threshold 14745 Howl Bitmap #cards 2048 size 272 coarsen threshold 1843 Card regions per heap region 1 cards per card region 16384
 CPUs: 12 total, 12 available
 Memory: 16272M
 Large Page Support: Disabled
 NUMA Support: Disabled
 Compressed Oops: Enabled (Zero based)
 Heap Region Size: 8M
 Heap Min Capacity: 64M
 Heap Initial Capacity: 64M
 Heap Max Capacity: 10000M
 Pre-touch: Disabled
 Parallel Workers: 10
 Concurrent Workers: 3
 Concurrent Refinement Workers: 10
 Periodic GC: Disabled
Heap:
 garbage-first heap   total 65536K, used 15088K [0x000000058f000000, 0x0000000800000000)
  region size 8192K, 2 young (16384K), 1 survivors (8192K)
 Metaspace       used 10148K, committed 10496K, reserved 1114112K
  class space    used 1303K, committed 1472K, reserved 1048576K
GC Heap History (10 events):
Event: 0.255 GC heap before
{Heap before GC invocations=0 (full 0):
 garbage-first heap   total 65536K, used 16384K [0x000000058f000000, 0x0000000800000000)
  region size 8192K, 2 young (16384K), 0 survivors (0K)
 Metaspace       used 1547K, committed 1728K, reserved 1114112K
  class space    used 145K, committed 256K, reserved 1048576K
}
Event: 0.257 GC heap after
{Heap after GC invocations=1 (full 0):
 garbage-first heap   total 65536K, used 1760K [0x000000058f000000, 0x0000000800000000)
  region size 8192K, 1 young (8192K), 1 survivors (8192K)
 Metaspace       used 1547K, committed 1728K, reserved 1114112K
  class space    used 145K, committed 256K, reserved 1048576K
}
Event: 0.519 GC heap before
{Heap before GC invocations=1 (full 0):
 garbage-first heap   total 65536K, used 18144K [0x000000058f000000, 0x0000000800000000)
  region size 8192K, 4 young (32768K), 1 survivors (8192K)
 Metaspace       used 3449K, committed 3648K, reserved 1114112K
  class space    used 405K, committed 512K, reserved 1048576K
}
Event: 0.523 GC heap after
{Heap after GC invocations=2 (full 0):
 garbage-first heap   total 65536K, used 9903K [0x000000058f000000, 0x0000000800000000)
  region size 8192K, 1 young (8192K), 1 survivors (8192K)
 Metaspace       used 3449K, committed 3648K, reserved 1114112K
  class space    used 405K, committed 512K, reserved 1048576K
}
Event: 37.445 GC heap before
{Heap before GC invocations=2 (full 0):
 garbage-first heap   total 65536K, used 34479K [0x000000058f000000, 0x0000000800000000)
  region size 8192K, 4 young (32768K), 1 survivors (8192K)
 Metaspace       used 9962K, committed 10304K, reserved 1114112K
  class space    used 1301K, committed 1472K, reserved 1048576K
}
Event: 37.450 GC heap after
{Heap after GC invocations=3 (full 0):
 garbage-first heap   total 65536K, used 15022K [0x000000058f000000, 0x0000000800000000)
  region size 8192K, 1 young (8192K), 1 survivors (8192K)
 Metaspace       used 9962K, committed 10304K, reserved 1114112K
  class space    used 1301K, committed 1472K, reserved 1048576K
}
Event: 376.282 GC heap before
{Heap before GC invocations=3 (full 0):
 garbage-first heap   total 65536K, used 39598K [0x000000058f000000, 0x0000000800000000)
  region size 8192K, 4 young (32768K), 1 survivors (8192K)
 Metaspace       used 10147K, committed 10496K, reserved 1114112K
  class space    used 1303K, committed 1472K, reserved 1048576K
}
Event: 380.039 GC heap after
{Heap after GC invocations=4 (full 0):
 garbage-first heap   total 65536K, used 14947K [0x000000058f000000, 0x0000000800000000)
  region size 8192K, 1 young (8192K), 1 survivors (8192K)
 Metaspace       used 10147K, committed 10496K, reserved 1114112K
  class space    used 1303K, committed 1472K, reserved 1048576K
}
Event: 538.661 GC heap before
{Heap before GC invocations=4 (full 0):
 garbage-first heap   total 65536K, used 23139K [0x000000058f000000, 0x0000000800000000)
  region size 8192K, 2 young (16384K), 1 survivors (8192K)
 Metaspace       used 10148K, committed 10496K, reserved 1114112K
  class space    used 1303K, committed 1472K, reserved 1048576K
}
Event: 542.376 GC heap after
{Heap after GC invocations=5 (full 0):
 garbage-first heap   total 65536K, used 15088K [0x000000058f000000, 0x0000000800000000)
  region size 8192K, 1 young (8192K), 1 survivors (8192K)
 Metaspace       used 10148K, committed 10496K, reserved 1114112K
  class space    used 1303K, committed 1472K, reserved 1048576K
}

